{"/Users/guerber/Documents/GitHub/DASHBOARD_ANA_LUCIA_ASSOCIADOS/src/components/assinaturaFormSteper/index.tsx": {"path":"/Users/guerber/Documents/GitHub/DASHBOARD_ANA_LUCIA_ASSOCIADOS/src/components/assinaturaFormSteper/index.tsx","statementMap":{"0":{"start":{"line":2,"column":0},"end":{"line":2,"column":42}},"1":{"start":{"line":8,"column":39},"end":{"line":8,"column":45}},"2":{"start":{"line":8,"column":45},"end":{"line":8,"column":79}},"3":{"start":{"line":10,"column":4},"end":{"line":20,"column":null}},"4":{"start":{"line":11,"column":8},"end":{"line":19,"column":null}},"5":{"start":{"line":22,"column":4},"end":{"line":32,"column":null}},"6":{"start":{"line":23,"column":8},"end":{"line":31,"column":null}},"7":{"start":{"line":34,"column":4},"end":{"line":36,"column":null}},"8":{"start":{"line":8,"column":0},"end":{"line":8,"column":16}}},"fnMap":{"0":{"name":"AssinaturaFormSteper","decl":{"start":{"line":8,"column":16},"end":{"line":8,"column":36}},"loc":{"start":{"line":8,"column":79},"end":{"line":38,"column":1}}}},"branchMap":{"0":{"loc":{"start":{"line":8,"column":45},"end":{"line":8,"column":79}},"type":"cond-expr","locations":[{"start":{"line":8,"column":48},"end":{"line":8,"column":49}},{"start":{"line":8,"column":49},"end":{"line":8,"column":79}}]},"1":{"loc":{"start":{"line":10,"column":4},"end":{"line":20,"column":null}},"type":"if","locations":[{"start":{"line":10,"column":4},"end":{"line":20,"column":null}}]},"2":{"loc":{"start":{"line":22,"column":4},"end":{"line":32,"column":null}},"type":"if","locations":[{"start":{"line":22,"column":4},"end":{"line":32,"column":null}}]}},"s":{"0":1,"1":2,"2":2,"3":2,"4":1,"5":1,"6":1,"7":0,"8":1},"f":{"0":2},"b":{"0":[0,2],"1":[1],"2":[1]}}
,"/Users/guerber/Documents/GitHub/DASHBOARD_ANA_LUCIA_ASSOCIADOS/src/components/backButton/index.tsx": {"path":"/Users/guerber/Documents/GitHub/DASHBOARD_ANA_LUCIA_ASSOCIADOS/src/components/backButton/index.tsx","statementMap":{"0":{"start":{"line":1,"column":0},"end":{"line":1,"column":46}},"1":{"start":{"line":2,"column":0},"end":{"line":2,"column":42}},"2":{"start":{"line":8,"column":34},"end":{"line":8,"column":44}},"3":{"start":{"line":11,"column":8},"end":{"line":13,"column":null}},"4":{"start":{"line":12,"column":12},"end":{"line":12,"column":20}},"5":{"start":{"line":16,"column":4},"end":{"line":20,"column":null}},"6":{"start":{"line":8,"column":0},"end":{"line":8,"column":16}}},"fnMap":{"0":{"name":"BackButton","decl":{"start":{"line":8,"column":16},"end":{"line":8,"column":26}},"loc":{"start":{"line":8,"column":44},"end":{"line":21,"column":1}}},"1":{"name":"handlePress","decl":{"start":{"line":10,"column":13},"end":{"line":10,"column":24}},"loc":{"start":{"line":10,"column":24},"end":{"line":14,"column":5}}}},"branchMap":{"0":{"loc":{"start":{"line":11,"column":8},"end":{"line":13,"column":null}},"type":"if","locations":[{"start":{"line":11,"column":8},"end":{"line":13,"column":null}}]}},"s":{"0":2,"1":2,"2":3,"3":2,"4":2,"5":3,"6":2},"f":{"0":3,"1":2},"b":{"0":[2]}}
,"/Users/guerber/Documents/GitHub/DASHBOARD_ANA_LUCIA_ASSOCIADOS/src/components/customButton/index.tsx": {"path":"/Users/guerber/Documents/GitHub/DASHBOARD_ANA_LUCIA_ASSOCIADOS/src/components/customButton/index.tsx","statementMap":{"0":{"start":{"line":1,"column":0},"end":{"line":1,"column":53}},"1":{"start":{"line":2,"column":0},"end":{"line":2,"column":42}},"2":{"start":{"line":3,"column":0},"end":{"line":3,"column":51}},"3":{"start":{"line":4,"column":0},"end":{"line":4,"column":46}},"4":{"start":{"line":5,"column":0},"end":{"line":5,"column":48}},"5":{"start":{"line":6,"column":0},"end":{"line":6,"column":null}},"6":{"start":{"line":7,"column":4},"end":{"line":7,"column":null}},"7":{"start":{"line":8,"column":4},"end":{"line":8,"column":null}},"8":{"start":{"line":17,"column":14},"end":{"line":20,"column":null}},"9":{"start":{"line":22,"column":36},"end":{"line":22,"column":38}},"10":{"start":{"line":22,"column":42},"end":{"line":22,"column":44}},"11":{"start":{"line":22,"column":44},"end":{"line":22,"column":53}},"12":{"start":{"line":22,"column":53},"end":{"line":22,"column":64}},"13":{"start":{"line":22,"column":68},"end":{"line":22,"column":90}},"14":{"start":{"line":23,"column":25},"end":{"line":23,"column":35}},"15":{"start":{"line":26,"column":8},"end":{"line":33,"column":null}},"16":{"start":{"line":28,"column":16},"end":{"line":28,"column":49}},"17":{"start":{"line":30,"column":16},"end":{"line":30,"column":49}},"18":{"start":{"line":32,"column":16},"end":{"line":32,"column":49}},"19":{"start":{"line":38,"column":8},"end":{"line":40,"column":null}},"20":{"start":{"line":39,"column":12},"end":{"line":39,"column":33}},"21":{"start":{"line":41,"column":8},"end":{"line":41,"column":null}},"22":{"start":{"line":45,"column":8},"end":{"line":55,"column":null}},"23":{"start":{"line":46,"column":12},"end":{"line":54,"column":null}},"24":{"start":{"line":57,"column":8},"end":{"line":57,"column":21}},"25":{"start":{"line":60,"column":4},"end":{"line":68,"column":null}},"26":{"start":{"line":22,"column":0},"end":{"line":22,"column":16}}},"fnMap":{"0":{"name":"(anonymous_4)","decl":{"start":{"line":6,"column":0},"end":{"line":6,"column":12}},"loc":{"start":{"line":6,"column":29},"end":{"line":9,"column":1}}},"1":{"name":"CustomButton","decl":{"start":{"line":22,"column":16},"end":{"line":22,"column":28}},"loc":{"start":{"line":22,"column":90},"end":{"line":69,"column":1}}},"2":{"name":"getStyleClass","decl":{"start":{"line":25,"column":13},"end":{"line":25,"column":26}},"loc":{"start":{"line":25,"column":44},"end":{"line":34,"column":5}}},"3":{"name":"returnIcon","decl":{"start":{"line":36,"column":13},"end":{"line":36,"column":23}},"loc":{"start":{"line":36,"column":59},"end":{"line":42,"column":5}}},"4":{"name":"_renderContent","decl":{"start":{"line":44,"column":13},"end":{"line":44,"column":27}},"loc":{"start":{"line":44,"column":59},"end":{"line":58,"column":5}}}},"branchMap":{"0":{"loc":{"start":{"line":6,"column":12},"end":{"line":6,"column":null}},"type":"binary-expr","locations":[{"start":{"line":6,"column":12},"end":{"line":6,"column":29}},{"start":{"line":6,"column":12},"end":{"line":6,"column":null}}]},"1":{"loc":{"start":{"line":22,"column":53},"end":{"line":22,"column":64}},"type":"cond-expr","locations":[{"start":{"line":22,"column":56},"end":{"line":22,"column":59}},{"start":{"line":22,"column":59},"end":{"line":22,"column":64}}]},"2":{"loc":{"start":{"line":26,"column":8},"end":{"line":33,"column":null}},"type":"switch","locations":[{"start":{"line":27,"column":12},"end":{"line":28,"column":49}},{"start":{"line":29,"column":12},"end":{"line":30,"column":49}},{"start":{"line":31,"column":12},"end":{"line":32,"column":49}}]},"3":{"loc":{"start":{"line":38,"column":8},"end":{"line":40,"column":null}},"type":"if","locations":[{"start":{"line":38,"column":8},"end":{"line":40,"column":null}}]},"4":{"loc":{"start":{"line":45,"column":8},"end":{"line":55,"column":null}},"type":"if","locations":[{"start":{"line":45,"column":8},"end":{"line":55,"column":null}}]}},"s":{"0":1,"1":1,"2":1,"3":1,"4":1,"5":1,"6":1,"7":1,"8":1,"9":4,"10":4,"11":4,"12":4,"13":4,"14":4,"15":4,"16":2,"17":1,"18":1,"19":4,"20":2,"21":2,"22":4,"23":0,"24":4,"25":4,"26":1},"f":{"0":1,"1":4,"2":4,"3":4,"4":4},"b":{"0":[1,1],"1":[2,2],"2":[2,1,1],"3":[2],"4":[0]}}
,"/Users/guerber/Documents/GitHub/DASHBOARD_ANA_LUCIA_ASSOCIADOS/src/components/homeInfoCard/index.tsx": {"path":"/Users/guerber/Documents/GitHub/DASHBOARD_ANA_LUCIA_ASSOCIADOS/src/components/homeInfoCard/index.tsx","statementMap":{"0":{"start":{"line":1,"column":0},"end":{"line":1,"column":42}},"1":{"start":{"line":2,"column":0},"end":{"line":2,"column":54}},"2":{"start":{"line":3,"column":0},"end":{"line":3,"column":45}},"3":{"start":{"line":4,"column":0},"end":{"line":4,"column":48}},"4":{"start":{"line":6,"column":14},"end":{"line":11,"column":null}},"5":{"start":{"line":13,"column":0},"end":{"line":13,"column":null}},"6":{"start":{"line":14,"column":4},"end":{"line":14,"column":null}},"7":{"start":{"line":15,"column":4},"end":{"line":15,"column":null}},"8":{"start":{"line":16,"column":4},"end":{"line":16,"column":null}},"9":{"start":{"line":17,"column":4},"end":{"line":17,"column":null}},"10":{"start":{"line":27,"column":9},"end":{"line":27,"column":null}},"11":{"start":{"line":28,"column":8},"end":{"line":28,"column":null}},"12":{"start":{"line":29,"column":9},"end":{"line":29,"column":null}},"13":{"start":{"line":32,"column":4},"end":{"line":44,"column":null}},"14":{"start":{"line":26,"column":0},"end":{"line":26,"column":16}}},"fnMap":{"0":{"name":"(anonymous_3)","decl":{"start":{"line":13,"column":0},"end":{"line":13,"column":12}},"loc":{"start":{"line":13,"column":18},"end":{"line":18,"column":1}}},"1":{"name":"HomeInfoCardComponent","decl":{"start":{"line":26,"column":16},"end":{"line":26,"column":37}},"loc":{"start":{"line":30,"column":30},"end":{"line":45,"column":1}}}},"branchMap":{"0":{"loc":{"start":{"line":13,"column":12},"end":{"line":13,"column":null}},"type":"binary-expr","locations":[{"start":{"line":13,"column":12},"end":{"line":13,"column":18}},{"start":{"line":13,"column":12},"end":{"line":13,"column":null}}]}},"s":{"0":1,"1":1,"2":1,"3":1,"4":1,"5":1,"6":1,"7":1,"8":1,"9":1,"10":6,"11":6,"12":6,"13":6,"14":1},"f":{"0":1,"1":6},"b":{"0":[1,1]}}
,"/Users/guerber/Documents/GitHub/DASHBOARD_ANA_LUCIA_ASSOCIADOS/src/components/inputs/IconInput/index.tsx": {"path":"/Users/guerber/Documents/GitHub/DASHBOARD_ANA_LUCIA_ASSOCIADOS/src/components/inputs/IconInput/index.tsx","statementMap":{"0":{"start":{"line":1,"column":0},"end":{"line":1,"column":54}},"1":{"start":{"line":2,"column":0},"end":{"line":2,"column":42}},"2":{"start":{"line":10,"column":0},"end":{"line":10,"column":62}},"3":{"start":{"line":11,"column":0},"end":{"line":11,"column":44}},"4":{"start":{"line":14,"column":4},"end":{"line":14,"column":8}},"5":{"start":{"line":14,"column":8},"end":{"line":14,"column":null}},"6":{"start":{"line":15,"column":4},"end":{"line":15,"column":8}},"7":{"start":{"line":15,"column":8},"end":{"line":15,"column":null}},"8":{"start":{"line":16,"column":14},"end":{"line":16,"column":null}},"9":{"start":{"line":17,"column":13},"end":{"line":17,"column":null}},"10":{"start":{"line":18,"column":11},"end":{"line":18,"column":null}},"11":{"start":{"line":19,"column":11},"end":{"line":20,"column":18}},"12":{"start":{"line":23,"column":8},"end":{"line":32,"column":null}},"13":{"start":{"line":25,"column":16},"end":{"line":25,"column":null}},"14":{"start":{"line":27,"column":16},"end":{"line":27,"column":null}},"15":{"start":{"line":29,"column":16},"end":{"line":29,"column":null}},"16":{"start":{"line":31,"column":16},"end":{"line":31,"column":21}},"17":{"start":{"line":35,"column":4},"end":{"line":53,"column":null}},"18":{"start":{"line":39,"column":28},"end":{"line":39,"column":30}},"19":{"start":{"line":40,"column":16},"end":{"line":49,"column":null}},"20":{"start":{"line":13,"column":0},"end":{"line":13,"column":16}}},"fnMap":{"0":{"name":"IconInput","decl":{"start":{"line":13,"column":16},"end":{"line":13,"column":25}},"loc":{"start":{"line":20,"column":18},"end":{"line":54,"column":1}}},"1":{"name":"returnIcon","decl":{"start":{"line":22,"column":13},"end":{"line":22,"column":23}},"loc":{"start":{"line":22,"column":36},"end":{"line":33,"column":5}}},"2":{"name":"(anonymous_6)","decl":{"start":{"line":39,"column":20},"end":{"line":39,"column":21}},"loc":{"start":{"line":39,"column":30},"end":{"line":50,"column":13}}}},"branchMap":{"0":{"loc":{"start":{"line":14,"column":8},"end":{"line":14,"column":null}},"type":"cond-expr","locations":[{"start":{"line":14,"column":11},"end":{"line":14,"column":17}},{"start":{"line":14,"column":17},"end":{"line":14,"column":null}}]},"1":{"loc":{"start":{"line":15,"column":8},"end":{"line":15,"column":null}},"type":"cond-expr","locations":[{"start":{"line":15,"column":11},"end":{"line":15,"column":18}},{"start":{"line":15,"column":18},"end":{"line":15,"column":null}}]},"2":{"loc":{"start":{"line":23,"column":8},"end":{"line":32,"column":null}},"type":"switch","locations":[{"start":{"line":24,"column":12},"end":{"line":25,"column":null}},{"start":{"line":26,"column":12},"end":{"line":27,"column":null}},{"start":{"line":28,"column":12},"end":{"line":29,"column":null}},{"start":{"line":30,"column":12},"end":{"line":31,"column":21}}]}},"s":{"0":0,"1":0,"2":0,"3":0,"4":0,"5":0,"6":0,"7":0,"8":0,"9":0,"10":0,"11":0,"12":0,"13":0,"14":0,"15":0,"16":0,"17":0,"18":0,"19":0,"20":0},"f":{"0":0,"1":0,"2":0},"b":{"0":[0,0],"1":[0,0],"2":[0,0,0,0]}}
,"/Users/guerber/Documents/GitHub/DASHBOARD_ANA_LUCIA_ASSOCIADOS/src/components/inputs/customCheckbox/index.tsx": {"path":"/Users/guerber/Documents/GitHub/DASHBOARD_ANA_LUCIA_ASSOCIADOS/src/components/inputs/customCheckbox/index.tsx","statementMap":{"0":{"start":{"line":1,"column":0},"end":{"line":1,"column":42}},"1":{"start":{"line":2,"column":0},"end":{"line":2,"column":54}},"2":{"start":{"line":11,"column":35},"end":{"line":11,"column":37}},"3":{"start":{"line":11,"column":46},"end":{"line":11,"column":48}},"4":{"start":{"line":11,"column":55},"end":{"line":11,"column":60}},"5":{"start":{"line":11,"column":64},"end":{"line":11,"column":83}},"6":{"start":{"line":12,"column":4},"end":{"line":33,"column":null}},"7":{"start":{"line":16,"column":28},"end":{"line":16,"column":30}},"8":{"start":{"line":17,"column":16},"end":{"line":29,"column":null}},"9":{"start":{"line":11,"column":0},"end":{"line":11,"column":16}}},"fnMap":{"0":{"name":"CustomCheckbox","decl":{"start":{"line":11,"column":16},"end":{"line":11,"column":30}},"loc":{"start":{"line":11,"column":83},"end":{"line":34,"column":1}}},"1":{"name":"(anonymous_5)","decl":{"start":{"line":16,"column":20},"end":{"line":16,"column":21}},"loc":{"start":{"line":16,"column":30},"end":{"line":30,"column":13}}}},"branchMap":{},"s":{"0":0,"1":0,"2":0,"3":0,"4":0,"5":0,"6":0,"7":0,"8":0,"9":0},"f":{"0":0,"1":0},"b":{}}
,"/Users/guerber/Documents/GitHub/DASHBOARD_ANA_LUCIA_ASSOCIADOS/src/components/inputs/customInputMask/index.tsx": {"path":"/Users/guerber/Documents/GitHub/DASHBOARD_ANA_LUCIA_ASSOCIADOS/src/components/inputs/customInputMask/index.tsx","statementMap":{"0":{"start":{"line":1,"column":0},"end":{"line":1,"column":67}},"1":{"start":{"line":2,"column":0},"end":{"line":2,"column":42}},"2":{"start":{"line":3,"column":0},"end":{"line":3,"column":57}},"3":{"start":{"line":4,"column":0},"end":{"line":4,"column":55}},"4":{"start":{"line":18,"column":9},"end":{"line":18,"column":null}},"5":{"start":{"line":19,"column":15},"end":{"line":19,"column":null}},"6":{"start":{"line":20,"column":12},"end":{"line":20,"column":null}},"7":{"start":{"line":21,"column":18},"end":{"line":21,"column":null}},"8":{"start":{"line":22,"column":8},"end":{"line":22,"column":null}},"9":{"start":{"line":23,"column":13},"end":{"line":23,"column":null}},"10":{"start":{"line":24,"column":11},"end":{"line":24,"column":null}},"11":{"start":{"line":25,"column":10},"end":{"line":25,"column":null}},"12":{"start":{"line":26,"column":11},"end":{"line":27,"column":19}},"13":{"start":{"line":28,"column":4},"end":{"line":56,"column":null}},"14":{"start":{"line":32,"column":28},"end":{"line":32,"column":30}},"15":{"start":{"line":33,"column":16},"end":{"line":53,"column":null}},"16":{"start":{"line":45,"column":46},"end":{"line":45,"column":48}},"17":{"start":{"line":46,"column":32},"end":{"line":48,"column":null}},"18":{"start":{"line":17,"column":0},"end":{"line":17,"column":16}}},"fnMap":{"0":{"name":"CustomInputMask","decl":{"start":{"line":17,"column":16},"end":{"line":17,"column":31}},"loc":{"start":{"line":27,"column":19},"end":{"line":57,"column":1}}},"1":{"name":"(anonymous_5)","decl":{"start":{"line":32,"column":20},"end":{"line":32,"column":21}},"loc":{"start":{"line":32,"column":30},"end":{"line":54,"column":13}}},"2":{"name":"(anonymous_6)","decl":{"start":{"line":45,"column":36},"end":{"line":45,"column":37}},"loc":{"start":{"line":45,"column":48},"end":{"line":49,"column":29}}}},"branchMap":{},"s":{"0":0,"1":0,"2":0,"3":0,"4":0,"5":0,"6":0,"7":0,"8":0,"9":0,"10":0,"11":0,"12":0,"13":0,"14":0,"15":0,"16":0,"17":0,"18":0},"f":{"0":0,"1":0,"2":0},"b":{}}
,"/Users/guerber/Documents/GitHub/DASHBOARD_ANA_LUCIA_ASSOCIADOS/src/components/inputs/customSelectInput/index.tsx": {"path":"/Users/guerber/Documents/GitHub/DASHBOARD_ANA_LUCIA_ASSOCIADOS/src/components/inputs/customSelectInput/index.tsx","statementMap":{"0":{"start":{"line":1,"column":0},"end":{"line":1,"column":42}},"1":{"start":{"line":2,"column":0},"end":{"line":2,"column":34}},"2":{"start":{"line":3,"column":0},"end":{"line":3,"column":67}},"3":{"start":{"line":4,"column":0},"end":{"line":4,"column":55}},"4":{"start":{"line":23,"column":9},"end":{"line":23,"column":null}},"5":{"start":{"line":24,"column":15},"end":{"line":24,"column":null}},"6":{"start":{"line":25,"column":11},"end":{"line":25,"column":null}},"7":{"start":{"line":26,"column":13},"end":{"line":26,"column":null}},"8":{"start":{"line":27,"column":11},"end":{"line":27,"column":null}},"9":{"start":{"line":28,"column":10},"end":{"line":28,"column":null}},"10":{"start":{"line":29,"column":18},"end":{"line":29,"column":null}},"11":{"start":{"line":31,"column":4},"end":{"line":64,"column":null}},"12":{"start":{"line":35,"column":28},"end":{"line":35,"column":30}},"13":{"start":{"line":36,"column":16},"end":{"line":59,"column":null}},"14":{"start":{"line":51,"column":46},"end":{"line":51,"column":48}},"15":{"start":{"line":52,"column":32},"end":{"line":54,"column":null}},"16":{"start":{"line":22,"column":0},"end":{"line":22,"column":16}}},"fnMap":{"0":{"name":"CustomSelectInput","decl":{"start":{"line":22,"column":16},"end":{"line":22,"column":33}},"loc":{"start":{"line":30,"column":26},"end":{"line":65,"column":1}}},"1":{"name":"(anonymous_4)","decl":{"start":{"line":35,"column":20},"end":{"line":35,"column":21}},"loc":{"start":{"line":35,"column":30},"end":{"line":60,"column":13}}},"2":{"name":"(anonymous_5)","decl":{"start":{"line":51,"column":36},"end":{"line":51,"column":37}},"loc":{"start":{"line":51,"column":48},"end":{"line":55,"column":29}}}},"branchMap":{},"s":{"0":0,"1":0,"2":0,"3":0,"4":0,"5":0,"6":0,"7":0,"8":0,"9":0,"10":0,"11":0,"12":0,"13":0,"14":0,"15":0,"16":0},"f":{"0":0,"1":0,"2":0},"b":{}}
,"/Users/guerber/Documents/GitHub/DASHBOARD_ANA_LUCIA_ASSOCIADOS/src/components/inputs/inputText/index.tsx": {"path":"/Users/guerber/Documents/GitHub/DASHBOARD_ANA_LUCIA_ASSOCIADOS/src/components/inputs/inputText/index.tsx","statementMap":{"0":{"start":{"line":1,"column":0},"end":{"line":1,"column":42}},"1":{"start":{"line":2,"column":0},"end":{"line":2,"column":67}},"2":{"start":{"line":3,"column":0},"end":{"line":3,"column":55}},"3":{"start":{"line":17,"column":9},"end":{"line":17,"column":null}},"4":{"start":{"line":18,"column":15},"end":{"line":18,"column":null}},"5":{"start":{"line":19,"column":8},"end":{"line":19,"column":null}},"6":{"start":{"line":20,"column":12},"end":{"line":20,"column":null}},"7":{"start":{"line":21,"column":4},"end":{"line":21,"column":18}},"8":{"start":{"line":21,"column":18},"end":{"line":21,"column":null}},"9":{"start":{"line":22,"column":13},"end":{"line":22,"column":null}},"10":{"start":{"line":23,"column":11},"end":{"line":23,"column":null}},"11":{"start":{"line":24,"column":10},"end":{"line":24,"column":null}},"12":{"start":{"line":25,"column":11},"end":{"line":26,"column":13}},"13":{"start":{"line":27,"column":4},"end":{"line":57,"column":null}},"14":{"start":{"line":31,"column":28},"end":{"line":31,"column":30}},"15":{"start":{"line":32,"column":16},"end":{"line":53,"column":null}},"16":{"start":{"line":45,"column":46},"end":{"line":45,"column":48}},"17":{"start":{"line":46,"column":32},"end":{"line":48,"column":null}},"18":{"start":{"line":16,"column":0},"end":{"line":16,"column":16}}},"fnMap":{"0":{"name":"InputText","decl":{"start":{"line":16,"column":16},"end":{"line":16,"column":25}},"loc":{"start":{"line":26,"column":13},"end":{"line":58,"column":1}}},"1":{"name":"(anonymous_5)","decl":{"start":{"line":31,"column":20},"end":{"line":31,"column":21}},"loc":{"start":{"line":31,"column":30},"end":{"line":54,"column":13}}},"2":{"name":"(anonymous_6)","decl":{"start":{"line":45,"column":36},"end":{"line":45,"column":37}},"loc":{"start":{"line":45,"column":48},"end":{"line":49,"column":29}}}},"branchMap":{"0":{"loc":{"start":{"line":21,"column":18},"end":{"line":21,"column":null}},"type":"cond-expr","locations":[{"start":{"line":21,"column":21},"end":{"line":21,"column":23}},{"start":{"line":21,"column":23},"end":{"line":21,"column":null}}]}},"s":{"0":0,"1":0,"2":0,"3":0,"4":0,"5":0,"6":0,"7":0,"8":0,"9":0,"10":0,"11":0,"12":0,"13":0,"14":0,"15":0,"16":0,"17":0,"18":0},"f":{"0":0,"1":0,"2":0},"b":{"0":[0,0]}}
,"/Users/guerber/Documents/GitHub/DASHBOARD_ANA_LUCIA_ASSOCIADOS/src/components/inputs/searchBar/index.tsx": {"path":"/Users/guerber/Documents/GitHub/DASHBOARD_ANA_LUCIA_ASSOCIADOS/src/components/inputs/searchBar/index.tsx","statementMap":{"0":{"start":{"line":1,"column":0},"end":{"line":1,"column":53}},"1":{"start":{"line":2,"column":0},"end":{"line":2,"column":42}},"2":{"start":{"line":3,"column":0},"end":{"line":3,"column":42}},"3":{"start":{"line":4,"column":0},"end":{"line":4,"column":54}},"4":{"start":{"line":13,"column":12},"end":{"line":13,"column":null}},"5":{"start":{"line":14,"column":13},"end":{"line":14,"column":null}},"6":{"start":{"line":15,"column":11},"end":{"line":15,"column":null}},"7":{"start":{"line":16,"column":11},"end":{"line":17,"column":18}},"8":{"start":{"line":20,"column":8},"end":{"line":30,"column":null}},"9":{"start":{"line":21,"column":12},"end":{"line":29,"column":null}},"10":{"start":{"line":31,"column":8},"end":{"line":34,"column":null}},"11":{"start":{"line":37,"column":4},"end":{"line":56,"column":null}},"12":{"start":{"line":41,"column":28},"end":{"line":41,"column":30}},"13":{"start":{"line":42,"column":16},"end":{"line":53,"column":null}},"14":{"start":{"line":12,"column":0},"end":{"line":12,"column":16}}},"fnMap":{"0":{"name":"SearchBar","decl":{"start":{"line":12,"column":16},"end":{"line":12,"column":25}},"loc":{"start":{"line":17,"column":18},"end":{"line":57,"column":1}}},"1":{"name":"isFetching","decl":{"start":{"line":19,"column":13},"end":{"line":19,"column":23}},"loc":{"start":{"line":19,"column":41},"end":{"line":35,"column":5}}},"2":{"name":"(anonymous_6)","decl":{"start":{"line":41,"column":20},"end":{"line":41,"column":21}},"loc":{"start":{"line":41,"column":30},"end":{"line":54,"column":13}}}},"branchMap":{"0":{"loc":{"start":{"line":20,"column":8},"end":{"line":30,"column":null}},"type":"if","locations":[{"start":{"line":20,"column":8},"end":{"line":30,"column":null}}]}},"s":{"0":0,"1":0,"2":0,"3":0,"4":0,"5":0,"6":0,"7":0,"8":0,"9":0,"10":0,"11":0,"12":0,"13":0,"14":0},"f":{"0":0,"1":0,"2":0},"b":{"0":[0]}}
,"/Users/guerber/Documents/GitHub/DASHBOARD_ANA_LUCIA_ASSOCIADOS/src/components/inputs/tableSelectInput/index.tsx": {"path":"/Users/guerber/Documents/GitHub/DASHBOARD_ANA_LUCIA_ASSOCIADOS/src/components/inputs/tableSelectInput/index.tsx","statementMap":{"0":{"start":{"line":1,"column":0},"end":{"line":1,"column":23}},"1":{"start":{"line":2,"column":0},"end":{"line":2,"column":34}},"2":{"start":{"line":3,"column":0},"end":{"line":3,"column":54}},"3":{"start":{"line":18,"column":11},"end":{"line":18,"column":null}},"4":{"start":{"line":19,"column":13},"end":{"line":19,"column":null}},"5":{"start":{"line":20,"column":11},"end":{"line":20,"column":null}},"6":{"start":{"line":22,"column":4},"end":{"line":40,"column":null}},"7":{"start":{"line":26,"column":28},"end":{"line":26,"column":30}},"8":{"start":{"line":27,"column":16},"end":{"line":35,"column":null}},"9":{"start":{"line":17,"column":0},"end":{"line":17,"column":16}}},"fnMap":{"0":{"name":"TableSelectInput","decl":{"start":{"line":17,"column":16},"end":{"line":17,"column":32}},"loc":{"start":{"line":21,"column":20},"end":{"line":41,"column":1}}},"1":{"name":"(anonymous_2)","decl":{"start":{"line":26,"column":20},"end":{"line":26,"column":21}},"loc":{"start":{"line":26,"column":30},"end":{"line":36,"column":13}}}},"branchMap":{},"s":{"0":0,"1":0,"2":0,"3":0,"4":0,"5":0,"6":0,"7":0,"8":0,"9":0},"f":{"0":0,"1":0},"b":{}}
,"/Users/guerber/Documents/GitHub/DASHBOARD_ANA_LUCIA_ASSOCIADOS/src/components/mobileHeader/index.tsx": {"path":"/Users/guerber/Documents/GitHub/DASHBOARD_ANA_LUCIA_ASSOCIADOS/src/components/mobileHeader/index.tsx","statementMap":{"0":{"start":{"line":1,"column":0},"end":{"line":1,"column":54}},"1":{"start":{"line":2,"column":0},"end":{"line":2,"column":50}},"2":{"start":{"line":3,"column":0},"end":{"line":3,"column":42}},"3":{"start":{"line":4,"column":0},"end":{"line":4,"column":49}},"4":{"start":{"line":5,"column":0},"end":{"line":5,"column":48}},"5":{"start":{"line":6,"column":0},"end":{"line":6,"column":40}},"6":{"start":{"line":7,"column":0},"end":{"line":7,"column":54}},"7":{"start":{"line":8,"column":0},"end":{"line":8,"column":69}},"8":{"start":{"line":9,"column":0},"end":{"line":9,"column":48}},"9":{"start":{"line":10,"column":0},"end":{"line":10,"column":67}},"10":{"start":{"line":11,"column":0},"end":{"line":11,"column":40}},"11":{"start":{"line":12,"column":0},"end":{"line":12,"column":60}},"12":{"start":{"line":13,"column":0},"end":{"line":13,"column":50}},"13":{"start":{"line":14,"column":0},"end":{"line":14,"column":46}},"14":{"start":{"line":26,"column":24},"end":{"line":91,"column":null}},"15":{"start":{"line":96,"column":25},"end":{"line":96,"column":39}},"16":{"start":{"line":97,"column":40},"end":{"line":97,"column":82}},"17":{"start":{"line":97,"column":21},"end":{"line":97,"column":23}},"18":{"start":{"line":97,"column":36},"end":{"line":97,"column":40}},"19":{"start":{"line":98,"column":21},"end":{"line":98,"column":34}},"20":{"start":{"line":99,"column":25},"end":{"line":99,"column":35}},"21":{"start":{"line":102,"column":8},"end":{"line":102,"column":30}},"22":{"start":{"line":105,"column":8},"end":{"line":105,"column":41}},"23":{"start":{"line":106,"column":8},"end":{"line":108,"column":null}},"24":{"start":{"line":107,"column":12},"end":{"line":107,"column":33}},"25":{"start":{"line":109,"column":8},"end":{"line":109,"column":39}},"26":{"start":{"line":113,"column":8},"end":{"line":117,"column":null}},"27":{"start":{"line":114,"column":12},"end":{"line":116,"column":null}},"28":{"start":{"line":115,"column":65},"end":{"line":115,"column":98}},"29":{"start":{"line":118,"column":8},"end":{"line":120,"column":null}},"30":{"start":{"line":125,"column":8},"end":{"line":145,"column":null}},"31":{"start":{"line":127,"column":12},"end":{"line":131,"column":null}},"32":{"start":{"line":128,"column":16},"end":{"line":130,"column":null}},"33":{"start":{"line":133,"column":12},"end":{"line":144,"column":null}},"34":{"start":{"line":148,"column":4},"end":{"line":171,"column":null}},"35":{"start":{"line":152,"column":93},"end":{"line":152,"column":125}},"36":{"start":{"line":160,"column":73},"end":{"line":160,"column":106}},"37":{"start":{"line":95,"column":0},"end":{"line":95,"column":16}}},"fnMap":{"0":{"name":"MobileHeader","decl":{"start":{"line":95,"column":16},"end":{"line":95,"column":28}},"loc":{"start":{"line":95,"column":28},"end":{"line":172,"column":1}}},"1":{"name":"handleClick","decl":{"start":{"line":101,"column":13},"end":{"line":101,"column":24}},"loc":{"start":{"line":101,"column":44},"end":{"line":103,"column":5}}},"2":{"name":"handleRoute","decl":{"start":{"line":104,"column":13},"end":{"line":104,"column":24}},"loc":{"start":{"line":104,"column":38},"end":{"line":110,"column":5}}},"3":{"name":"_renderMenuBg","decl":{"start":{"line":112,"column":13},"end":{"line":112,"column":26}},"loc":{"start":{"line":112,"column":26},"end":{"line":121,"column":5}}},"4":{"name":"(anonymous_7)","decl":{"start":{"line":115,"column":57},"end":{"line":115,"column":65}},"loc":{"start":{"line":115,"column":57},"end":{"line":115,"column":100}}},"5":{"name":"_renderItem","decl":{"start":{"line":124,"column":13},"end":{"line":124,"column":24}},"loc":{"start":{"line":124,"column":40},"end":{"line":146,"column":5}}},"6":{"name":"(anonymous_9)","decl":{"start":{"line":125,"column":25},"end":{"line":125,"column":26}},"loc":{"start":{"line":125,"column":33},"end":{"line":145,"column":9}}},"7":{"name":"(anonymous_10)","decl":{"start":{"line":152,"column":85},"end":{"line":152,"column":93}},"loc":{"start":{"line":152,"column":85},"end":{"line":152,"column":126}}},"8":{"name":"(anonymous_11)","decl":{"start":{"line":160,"column":65},"end":{"line":160,"column":73}},"loc":{"start":{"line":160,"column":65},"end":{"line":160,"column":107}}}},"branchMap":{"0":{"loc":{"start":{"line":106,"column":8},"end":{"line":108,"column":null}},"type":"if","locations":[{"start":{"line":106,"column":8},"end":{"line":108,"column":null}}]},"1":{"loc":{"start":{"line":113,"column":8},"end":{"line":117,"column":null}},"type":"if","locations":[{"start":{"line":113,"column":8},"end":{"line":117,"column":null}}]},"2":{"loc":{"start":{"line":127,"column":12},"end":{"line":131,"column":null}},"type":"if","locations":[{"start":{"line":127,"column":12},"end":{"line":131,"column":null}}]}},"s":{"0":1,"1":1,"2":1,"3":1,"4":1,"5":1,"6":1,"7":1,"8":1,"9":1,"10":1,"11":1,"12":1,"13":1,"14":1,"15":8,"16":8,"17":8,"18":8,"19":8,"20":8,"21":4,"22":1,"23":1,"24":0,"25":1,"26":8,"27":3,"28":0,"29":5,"30":8,"31":72,"32":21,"33":51,"34":8,"35":3,"36":0,"37":1},"f":{"0":8,"1":4,"2":1,"3":8,"4":0,"5":8,"6":72,"7":3,"8":0},"b":{"0":[0],"1":[3],"2":[21]}}
,"/Users/guerber/Documents/GitHub/DASHBOARD_ANA_LUCIA_ASSOCIADOS/src/components/mobileHeader/asideItem/index.tsx": {"path":"/Users/guerber/Documents/GitHub/DASHBOARD_ANA_LUCIA_ASSOCIADOS/src/components/mobileHeader/asideItem/index.tsx","statementMap":{"0":{"start":{"line":2,"column":0},"end":{"line":2,"column":42}},"1":{"start":{"line":15,"column":9},"end":{"line":15,"column":null}},"2":{"start":{"line":16,"column":8},"end":{"line":16,"column":null}},"3":{"start":{"line":17,"column":14},"end":{"line":17,"column":null}},"4":{"start":{"line":18,"column":8},"end":{"line":18,"column":null}},"5":{"start":{"line":19,"column":10},"end":{"line":19,"column":null}},"6":{"start":{"line":20,"column":4},"end":{"line":20,"column":13}},"7":{"start":{"line":20,"column":13},"end":{"line":20,"column":null}},"8":{"start":{"line":21,"column":15},"end":{"line":21,"column":null}},"9":{"start":{"line":25,"column":8},"end":{"line":27,"column":null}},"10":{"start":{"line":26,"column":12},"end":{"line":26,"column":30}},"11":{"start":{"line":28,"column":8},"end":{"line":28,"column":20}},"12":{"start":{"line":32,"column":8},"end":{"line":34,"column":null}},"13":{"start":{"line":33,"column":12},"end":{"line":33,"column":38}},"14":{"start":{"line":36,"column":8},"end":{"line":36,"column":27}},"15":{"start":{"line":39,"column":4},"end":{"line":44,"column":null}},"16":{"start":{"line":40,"column":99},"end":{"line":40,"column":117}},"17":{"start":{"line":14,"column":0},"end":{"line":14,"column":16}}},"fnMap":{"0":{"name":"AsideItem","decl":{"start":{"line":14,"column":16},"end":{"line":14,"column":25}},"loc":{"start":{"line":22,"column":18},"end":{"line":46,"column":1}}},"1":{"name":"returnCurrentIcon","decl":{"start":{"line":24,"column":13},"end":{"line":24,"column":30}},"loc":{"start":{"line":24,"column":46},"end":{"line":29,"column":5}}},"2":{"name":"verifyItemActive","decl":{"start":{"line":31,"column":13},"end":{"line":31,"column":29}},"loc":{"start":{"line":31,"column":29},"end":{"line":37,"column":5}}},"3":{"name":"(anonymous_6)","decl":{"start":{"line":40,"column":91},"end":{"line":40,"column":99}},"loc":{"start":{"line":40,"column":91},"end":{"line":40,"column":118}}}},"branchMap":{"0":{"loc":{"start":{"line":20,"column":13},"end":{"line":20,"column":null}},"type":"cond-expr","locations":[{"start":{"line":20,"column":16},"end":{"line":20,"column":18}},{"start":{"line":20,"column":18},"end":{"line":20,"column":null}}]},"1":{"loc":{"start":{"line":25,"column":8},"end":{"line":27,"column":null}},"type":"if","locations":[{"start":{"line":25,"column":8},"end":{"line":27,"column":null}}]},"2":{"loc":{"start":{"line":32,"column":8},"end":{"line":34,"column":null}},"type":"if","locations":[{"start":{"line":32,"column":8},"end":{"line":34,"column":null}}]}},"s":{"0":1,"1":51,"2":51,"3":51,"4":51,"5":51,"6":51,"7":51,"8":51,"9":51,"10":0,"11":51,"12":51,"13":0,"14":51,"15":51,"16":1,"17":1},"f":{"0":51,"1":51,"2":51,"3":1},"b":{"0":[44,7],"1":[0],"2":[0]}}
,"/Users/guerber/Documents/GitHub/DASHBOARD_ANA_LUCIA_ASSOCIADOS/src/components/modal/index.tsx": {"path":"/Users/guerber/Documents/GitHub/DASHBOARD_ANA_LUCIA_ASSOCIADOS/src/components/modal/index.tsx","statementMap":{"0":{"start":{"line":1,"column":0},"end":{"line":1,"column":48}},"1":{"start":{"line":2,"column":0},"end":{"line":2,"column":42}},"2":{"start":{"line":11,"column":32},"end":{"line":11,"column":34}},"3":{"start":{"line":11,"column":39},"end":{"line":11,"column":41}},"4":{"start":{"line":11,"column":52},"end":{"line":11,"column":62}},"5":{"start":{"line":12,"column":4},"end":{"line":30,"column":null}},"6":{"start":{"line":17,"column":84},"end":{"line":17,"column":103}},"7":{"start":{"line":11,"column":0},"end":{"line":11,"column":16}}},"fnMap":{"0":{"name":"Modal","decl":{"start":{"line":11,"column":16},"end":{"line":11,"column":21}},"loc":{"start":{"line":11,"column":62},"end":{"line":31,"column":1}}},"1":{"name":"(anonymous_4)","decl":{"start":{"line":17,"column":76},"end":{"line":17,"column":84}},"loc":{"start":{"line":17,"column":76},"end":{"line":17,"column":104}}}},"branchMap":{},"s":{"0":0,"1":0,"2":0,"3":0,"4":0,"5":0,"6":0,"7":0},"f":{"0":0,"1":0},"b":{}}
,"/Users/guerber/Documents/GitHub/DASHBOARD_ANA_LUCIA_ASSOCIADOS/src/components/pageTitle/index.tsx": {"path":"/Users/guerber/Documents/GitHub/DASHBOARD_ANA_LUCIA_ASSOCIADOS/src/components/pageTitle/index.tsx","statementMap":{"0":{"start":{"line":1,"column":0},"end":{"line":1,"column":43}},"1":{"start":{"line":10,"column":16},"end":{"line":10,"column":null}},"2":{"start":{"line":11,"column":9},"end":{"line":11,"column":null}},"3":{"start":{"line":12,"column":4},"end":{"line":12,"column":18}},"4":{"start":{"line":12,"column":18},"end":{"line":12,"column":null}},"5":{"start":{"line":16,"column":8},"end":{"line":20,"column":null}},"6":{"start":{"line":17,"column":12},"end":{"line":19,"column":null}},"7":{"start":{"line":21,"column":8},"end":{"line":21,"column":null}},"8":{"start":{"line":23,"column":4},"end":{"line":28,"column":null}},"9":{"start":{"line":9,"column":0},"end":{"line":9,"column":16}}},"fnMap":{"0":{"name":"PageTitle","decl":{"start":{"line":9,"column":16},"end":{"line":9,"column":25}},"loc":{"start":{"line":13,"column":9},"end":{"line":29,"column":1}}},"1":{"name":"_renderButton","decl":{"start":{"line":15,"column":13},"end":{"line":15,"column":26}},"loc":{"start":{"line":15,"column":40},"end":{"line":22,"column":5}}}},"branchMap":{"0":{"loc":{"start":{"line":12,"column":18},"end":{"line":12,"column":null}},"type":"cond-expr","locations":[{"start":{"line":12,"column":21},"end":{"line":12,"column":26}},{"start":{"line":12,"column":26},"end":{"line":12,"column":null}}]},"1":{"loc":{"start":{"line":16,"column":8},"end":{"line":20,"column":null}},"type":"if","locations":[{"start":{"line":16,"column":8},"end":{"line":20,"column":null}}]}},"s":{"0":1,"1":3,"2":3,"3":3,"4":3,"5":3,"6":1,"7":2,"8":3,"9":1},"f":{"0":3,"1":3},"b":{"0":[1,2],"1":[1]}}
,"/Users/guerber/Documents/GitHub/DASHBOARD_ANA_LUCIA_ASSOCIADOS/src/components/sidebar/index.tsx": {"path":"/Users/guerber/Documents/GitHub/DASHBOARD_ANA_LUCIA_ASSOCIADOS/src/components/sidebar/index.tsx","statementMap":{"0":{"start":{"line":1,"column":0},"end":{"line":1,"column":42}},"1":{"start":{"line":2,"column":0},"end":{"line":2,"column":50}},"2":{"start":{"line":4,"column":0},"end":{"line":4,"column":40}},"3":{"start":{"line":5,"column":0},"end":{"line":5,"column":54}},"4":{"start":{"line":6,"column":0},"end":{"line":6,"column":45}},"5":{"start":{"line":7,"column":0},"end":{"line":7,"column":72}},"6":{"start":{"line":8,"column":0},"end":{"line":8,"column":67}},"7":{"start":{"line":9,"column":0},"end":{"line":9,"column":42}},"8":{"start":{"line":10,"column":0},"end":{"line":10,"column":44}},"9":{"start":{"line":11,"column":0},"end":{"line":11,"column":47}},"10":{"start":{"line":12,"column":0},"end":{"line":12,"column":44}},"11":{"start":{"line":13,"column":0},"end":{"line":13,"column":46}},"12":{"start":{"line":26,"column":24},"end":{"line":92,"column":null}},"13":{"start":{"line":96,"column":25},"end":{"line":96,"column":39}},"14":{"start":{"line":97,"column":25},"end":{"line":97,"column":35}},"15":{"start":{"line":100,"column":8},"end":{"line":119,"column":null}},"16":{"start":{"line":102,"column":12},"end":{"line":106,"column":null}},"17":{"start":{"line":103,"column":16},"end":{"line":105,"column":null}},"18":{"start":{"line":108,"column":12},"end":{"line":118,"column":null}},"19":{"start":{"line":122,"column":4},"end":{"line":131,"column":null}},"20":{"start":{"line":94,"column":0},"end":{"line":94,"column":16}}},"fnMap":{"0":{"name":"Sidebar","decl":{"start":{"line":94,"column":16},"end":{"line":94,"column":23}},"loc":{"start":{"line":94,"column":23},"end":{"line":132,"column":1}}},"1":{"name":"_renderItem","decl":{"start":{"line":99,"column":13},"end":{"line":99,"column":24}},"loc":{"start":{"line":99,"column":40},"end":{"line":120,"column":5}}},"2":{"name":"(anonymous_5)","decl":{"start":{"line":100,"column":25},"end":{"line":100,"column":26}},"loc":{"start":{"line":100,"column":33},"end":{"line":119,"column":9}}}},"branchMap":{"0":{"loc":{"start":{"line":102,"column":12},"end":{"line":106,"column":null}},"type":"if","locations":[{"start":{"line":102,"column":12},"end":{"line":106,"column":null}}]}},"s":{"0":1,"1":1,"2":1,"3":1,"4":1,"5":1,"6":1,"7":1,"8":1,"9":1,"10":1,"11":1,"12":1,"13":5,"14":5,"15":5,"16":45,"17":14,"18":31,"19":5,"20":1},"f":{"0":5,"1":5,"2":45},"b":{"0":[14]}}
,"/Users/guerber/Documents/GitHub/DASHBOARD_ANA_LUCIA_ASSOCIADOS/src/components/sidebar/sidebarItem/index.tsx": {"path":"/Users/guerber/Documents/GitHub/DASHBOARD_ANA_LUCIA_ASSOCIADOS/src/components/sidebar/sidebarItem/index.tsx","statementMap":{"0":{"start":{"line":2,"column":0},"end":{"line":2,"column":42}},"1":{"start":{"line":3,"column":0},"end":{"line":3,"column":47}},"2":{"start":{"line":4,"column":0},"end":{"line":4,"column":49}},"3":{"start":{"line":16,"column":9},"end":{"line":16,"column":null}},"4":{"start":{"line":17,"column":8},"end":{"line":17,"column":null}},"5":{"start":{"line":18,"column":14},"end":{"line":18,"column":null}},"6":{"start":{"line":19,"column":8},"end":{"line":19,"column":null}},"7":{"start":{"line":20,"column":10},"end":{"line":20,"column":null}},"8":{"start":{"line":21,"column":4},"end":{"line":21,"column":13}},"9":{"start":{"line":21,"column":13},"end":{"line":21,"column":null}},"10":{"start":{"line":23,"column":21},"end":{"line":23,"column":34}},"11":{"start":{"line":24,"column":24},"end":{"line":24,"column":34}},"12":{"start":{"line":26,"column":8},"end":{"line":28,"column":null}},"13":{"start":{"line":27,"column":12},"end":{"line":27,"column":30}},"14":{"start":{"line":29,"column":8},"end":{"line":29,"column":20}},"15":{"start":{"line":33,"column":8},"end":{"line":35,"column":null}},"16":{"start":{"line":34,"column":12},"end":{"line":34,"column":38}},"17":{"start":{"line":37,"column":8},"end":{"line":37,"column":27}},"18":{"start":{"line":41,"column":8},"end":{"line":43,"column":null}},"19":{"start":{"line":42,"column":12},"end":{"line":42,"column":29}},"20":{"start":{"line":45,"column":8},"end":{"line":45,"column":39}},"21":{"start":{"line":48,"column":4},"end":{"line":53,"column":null}},"22":{"start":{"line":49,"column":99},"end":{"line":49,"column":117}},"23":{"start":{"line":15,"column":0},"end":{"line":15,"column":16}}},"fnMap":{"0":{"name":"SidebarItem","decl":{"start":{"line":15,"column":16},"end":{"line":15,"column":27}},"loc":{"start":{"line":22,"column":20},"end":{"line":54,"column":1}}},"1":{"name":"returnCurrentIcon","decl":{"start":{"line":25,"column":13},"end":{"line":25,"column":30}},"loc":{"start":{"line":25,"column":46},"end":{"line":30,"column":5}}},"2":{"name":"verifyItemActive","decl":{"start":{"line":32,"column":13},"end":{"line":32,"column":29}},"loc":{"start":{"line":32,"column":29},"end":{"line":38,"column":5}}},"3":{"name":"handleRoute","decl":{"start":{"line":40,"column":13},"end":{"line":40,"column":24}},"loc":{"start":{"line":40,"column":38},"end":{"line":46,"column":5}}},"4":{"name":"(anonymous_7)","decl":{"start":{"line":49,"column":91},"end":{"line":49,"column":99}},"loc":{"start":{"line":49,"column":91},"end":{"line":49,"column":118}}}},"branchMap":{"0":{"loc":{"start":{"line":21,"column":13},"end":{"line":21,"column":null}},"type":"cond-expr","locations":[{"start":{"line":21,"column":16},"end":{"line":21,"column":18}},{"start":{"line":21,"column":18},"end":{"line":21,"column":null}}]},"1":{"loc":{"start":{"line":26,"column":8},"end":{"line":28,"column":null}},"type":"if","locations":[{"start":{"line":26,"column":8},"end":{"line":28,"column":null}}]},"2":{"loc":{"start":{"line":33,"column":8},"end":{"line":35,"column":null}},"type":"if","locations":[{"start":{"line":33,"column":8},"end":{"line":35,"column":null}}]},"3":{"loc":{"start":{"line":41,"column":8},"end":{"line":43,"column":null}},"type":"if","locations":[{"start":{"line":41,"column":8},"end":{"line":43,"column":null}}]}},"s":{"0":1,"1":1,"2":1,"3":31,"4":31,"5":31,"6":31,"7":31,"8":31,"9":31,"10":31,"11":31,"12":31,"13":0,"14":31,"15":31,"16":0,"17":31,"18":1,"19":0,"20":1,"21":31,"22":1,"23":1},"f":{"0":31,"1":31,"2":31,"3":1,"4":1},"b":{"0":[27,4],"1":[0],"2":[0],"3":[0]}}
,"/Users/guerber/Documents/GitHub/DASHBOARD_ANA_LUCIA_ASSOCIADOS/src/components/statusBadge/statusBadge.tsx": {"path":"/Users/guerber/Documents/GitHub/DASHBOARD_ANA_LUCIA_ASSOCIADOS/src/components/statusBadge/statusBadge.tsx","statementMap":{"0":{"start":{"line":1,"column":0},"end":{"line":1,"column":42}},"1":{"start":{"line":9,"column":36},"end":{"line":9,"column":57}},"2":{"start":{"line":11,"column":4},"end":{"line":15,"column":null}},"3":{"start":{"line":9,"column":0},"end":{"line":9,"column":16}}},"fnMap":{"0":{"name":"StatusBadge","decl":{"start":{"line":9,"column":16},"end":{"line":9,"column":27}},"loc":{"start":{"line":9,"column":57},"end":{"line":16,"column":1}}}},"branchMap":{},"s":{"0":1,"1":2,"2":2,"3":1},"f":{"0":2},"b":{}}
,"/Users/guerber/Documents/GitHub/DASHBOARD_ANA_LUCIA_ASSOCIADOS/src/components/tableCustomButton/index.tsx": {"path":"/Users/guerber/Documents/GitHub/DASHBOARD_ANA_LUCIA_ASSOCIADOS/src/components/tableCustomButton/index.tsx","statementMap":{"0":{"start":{"line":1,"column":0},"end":{"line":1,"column":42}},"1":{"start":{"line":7,"column":41},"end":{"line":7,"column":46}},"2":{"start":{"line":7,"column":50},"end":{"line":7,"column":72}},"3":{"start":{"line":8,"column":4},"end":{"line":10,"column":null}},"4":{"start":{"line":7,"column":0},"end":{"line":7,"column":16}}},"fnMap":{"0":{"name":"TableCustomButton","decl":{"start":{"line":7,"column":16},"end":{"line":7,"column":33}},"loc":{"start":{"line":7,"column":72},"end":{"line":11,"column":1}}}},"branchMap":{},"s":{"0":1,"1":1,"2":1,"3":1,"4":1},"f":{"0":1},"b":{}}
,"/Users/guerber/Documents/GitHub/DASHBOARD_ANA_LUCIA_ASSOCIADOS/src/components/tableEmptyMessage/index.tsx": {"path":"/Users/guerber/Documents/GitHub/DASHBOARD_ANA_LUCIA_ASSOCIADOS/src/components/tableEmptyMessage/index.tsx","statementMap":{"0":{"start":{"line":1,"column":0},"end":{"line":1,"column":42}},"1":{"start":{"line":3,"column":36},"end":{"line":3,"column":40}},"2":{"start":{"line":3,"column":40},"end":{"line":3,"column":50}},"3":{"start":{"line":5,"column":4},"end":{"line":7,"column":null}},"4":{"start":{"line":6,"column":8},"end":{"line":6,"column":null}},"5":{"start":{"line":8,"column":4},"end":{"line":12,"column":null}},"6":{"start":{"line":3,"column":0},"end":{"line":3,"column":16}}},"fnMap":{"0":{"name":"TableEmptyMessage","decl":{"start":{"line":3,"column":16},"end":{"line":3,"column":33}},"loc":{"start":{"line":3,"column":50},"end":{"line":13,"column":1}}}},"branchMap":{"0":{"loc":{"start":{"line":3,"column":40},"end":{"line":3,"column":50}},"type":"cond-expr","locations":[{"start":{"line":3,"column":43},"end":{"line":3,"column":48}},{"start":{"line":3,"column":48},"end":{"line":3,"column":50}}]},"1":{"loc":{"start":{"line":5,"column":4},"end":{"line":7,"column":null}},"type":"if","locations":[{"start":{"line":5,"column":4},"end":{"line":7,"column":null}}]}},"s":{"0":1,"1":2,"2":2,"3":2,"4":1,"5":1,"6":1},"f":{"0":2},"b":{"0":[0,2],"1":[1]}}
,"/Users/guerber/Documents/GitHub/DASHBOARD_ANA_LUCIA_ASSOCIADOS/src/components/tablePaginator/index.tsx": {"path":"/Users/guerber/Documents/GitHub/DASHBOARD_ANA_LUCIA_ASSOCIADOS/src/components/tablePaginator/index.tsx","statementMap":{"0":{"start":{"line":1,"column":0},"end":{"line":1,"column":42}},"1":{"start":{"line":2,"column":0},"end":{"line":2,"column":43}},"2":{"start":{"line":9,"column":45},"end":{"line":9,"column":47}},"3":{"start":{"line":9,"column":56},"end":{"line":9,"column":80}},"4":{"start":{"line":10,"column":4},"end":{"line":27,"column":null}},"5":{"start":{"line":17,"column":33},"end":{"line":17,"column":null}},"6":{"start":{"line":9,"column":0},"end":{"line":9,"column":16}}},"fnMap":{"0":{"name":"TablePaginator","decl":{"start":{"line":9,"column":16},"end":{"line":9,"column":30}},"loc":{"start":{"line":9,"column":80},"end":{"line":28,"column":1}}},"1":{"name":"(anonymous_2)","decl":{"start":{"line":17,"column":26},"end":{"line":17,"column":27}},"loc":{"start":{"line":17,"column":28},"end":{"line":17,"column":45}}}},"branchMap":{},"s":{"0":1,"1":1,"2":2,"3":2,"4":2,"5":1,"6":1},"f":{"0":2,"1":1},"b":{}}
}
