TN:
SF:src/components/assinaturaFormSteper/index.tsx
FN:8,AssinaturaFormSteper
FNF:1
FNH:1
FNDA:2,AssinaturaFormSteper
DA:2,1
DA:8,2
DA:10,2
DA:11,1
DA:22,1
DA:23,1
DA:34,0
LF:7
LH:6
BRDA:8,0,0,0
BRDA:8,0,1,2
BRDA:10,1,0,1
BRDA:22,2,0,1
BRF:4
BRH:3
end_of_record
TN:
SF:src/components/backButton/index.tsx
FN:8,BackButton
FN:10,handlePress
FNF:2
FNH:2
FNDA:3,BackButton
FNDA:2,handlePress
DA:1,2
DA:2,2
DA:8,3
DA:11,2
DA:12,2
DA:16,3
LF:6
LH:6
BRDA:11,0,0,2
BRF:1
BRH:1
end_of_record
TN:
SF:src/components/customButton/index.tsx
FN:6,(anonymous_4)
FN:22,CustomButton
FN:25,getStyleClass
FN:36,returnIcon
FN:44,_renderContent
FNF:5
FNH:5
FNDA:1,(anonymous_4)
FNDA:4,CustomButton
FNDA:4,getStyleClass
FNDA:4,returnIcon
FNDA:4,_renderContent
DA:1,1
DA:2,1
DA:3,1
DA:4,1
DA:5,1
DA:6,1
DA:7,1
DA:8,1
DA:17,1
DA:22,4
DA:23,4
DA:26,4
DA:28,2
DA:30,1
DA:32,1
DA:38,4
DA:39,2
DA:41,2
DA:45,4
DA:46,0
DA:57,4
DA:60,4
LF:22
LH:21
BRDA:6,0,0,1
BRDA:6,0,1,1
BRDA:22,1,0,2
BRDA:22,1,1,2
BRDA:26,2,0,2
BRDA:26,2,1,1
BRDA:26,2,2,1
BRDA:38,3,0,2
BRDA:45,4,0,0
BRF:9
BRH:8
end_of_record
TN:
SF:src/components/homeInfoCard/index.tsx
FN:13,(anonymous_3)
FN:26,HomeInfoCardComponent
FNF:2
FNH:2
FNDA:1,(anonymous_3)
FNDA:6,HomeInfoCardComponent
DA:1,1
DA:2,1
DA:3,1
DA:4,1
DA:6,1
DA:13,1
DA:14,1
DA:15,1
DA:16,1
DA:17,1
DA:26,1
DA:27,6
DA:28,6
DA:29,6
DA:32,6
LF:15
LH:15
BRDA:13,0,0,1
BRDA:13,0,1,1
BRF:2
BRH:2
end_of_record
TN:
SF:src/components/inputs/IconInput/index.tsx
FN:13,IconInput
FN:22,returnIcon
FN:39,(anonymous_6)
FNF:3
FNH:0
FNDA:0,IconInput
FNDA:0,returnIcon
FNDA:0,(anonymous_6)
DA:1,0
DA:2,0
DA:10,0
DA:11,0
DA:13,0
DA:14,0
DA:15,0
DA:16,0
DA:17,0
DA:18,0
DA:19,0
DA:23,0
DA:25,0
DA:27,0
DA:29,0
DA:31,0
DA:35,0
DA:39,0
DA:40,0
LF:19
LH:0
BRDA:14,0,0,0
BRDA:14,0,1,0
BRDA:15,1,0,0
BRDA:15,1,1,0
BRDA:23,2,0,0
BRDA:23,2,1,0
BRDA:23,2,2,0
BRDA:23,2,3,0
BRF:8
BRH:0
end_of_record
TN:
SF:src/components/inputs/customCheckbox/index.tsx
FN:11,CustomCheckbox
FN:16,(anonymous_5)
FNF:2
FNH:0
FNDA:0,CustomCheckbox
FNDA:0,(anonymous_5)
DA:1,0
DA:2,0
DA:11,0
DA:12,0
DA:16,0
DA:17,0
LF:6
LH:0
BRF:0
BRH:0
end_of_record
TN:
SF:src/components/inputs/customInputMask/index.tsx
FN:17,CustomInputMask
FN:32,(anonymous_5)
FN:45,(anonymous_6)
FNF:3
FNH:0
FNDA:0,CustomInputMask
FNDA:0,(anonymous_5)
FNDA:0,(anonymous_6)
DA:1,0
DA:2,0
DA:3,0
DA:4,0
DA:17,0
DA:18,0
DA:19,0
DA:20,0
DA:21,0
DA:22,0
DA:23,0
DA:24,0
DA:25,0
DA:26,0
DA:28,0
DA:32,0
DA:33,0
DA:45,0
DA:46,0
LF:19
LH:0
BRF:0
BRH:0
end_of_record
TN:
SF:src/components/inputs/customSelectInput/index.tsx
FN:22,CustomSelectInput
FN:35,(anonymous_4)
FN:51,(anonymous_5)
FNF:3
FNH:0
FNDA:0,CustomSelectInput
FNDA:0,(anonymous_4)
FNDA:0,(anonymous_5)
DA:1,0
DA:2,0
DA:3,0
DA:4,0
DA:22,0
DA:23,0
DA:24,0
DA:25,0
DA:26,0
DA:27,0
DA:28,0
DA:29,0
DA:31,0
DA:35,0
DA:36,0
DA:51,0
DA:52,0
LF:17
LH:0
BRF:0
BRH:0
end_of_record
TN:
SF:src/components/inputs/inputText/index.tsx
FN:16,InputText
FN:31,(anonymous_5)
FN:45,(anonymous_6)
FNF:3
FNH:0
FNDA:0,InputText
FNDA:0,(anonymous_5)
FNDA:0,(anonymous_6)
DA:1,0
DA:2,0
DA:3,0
DA:16,0
DA:17,0
DA:18,0
DA:19,0
DA:20,0
DA:21,0
DA:22,0
DA:23,0
DA:24,0
DA:25,0
DA:27,0
DA:31,0
DA:32,0
DA:45,0
DA:46,0
LF:18
LH:0
BRDA:21,0,0,0
BRDA:21,0,1,0
BRF:2
BRH:0
end_of_record
TN:
SF:src/components/inputs/searchBar/index.tsx
FN:12,SearchBar
FN:19,isFetching
FN:41,(anonymous_6)
FNF:3
FNH:0
FNDA:0,SearchBar
FNDA:0,isFetching
FNDA:0,(anonymous_6)
DA:1,0
DA:2,0
DA:3,0
DA:4,0
DA:12,0
DA:13,0
DA:14,0
DA:15,0
DA:16,0
DA:20,0
DA:21,0
DA:31,0
DA:37,0
DA:41,0
DA:42,0
LF:15
LH:0
BRDA:20,0,0,0
BRF:1
BRH:0
end_of_record
TN:
SF:src/components/inputs/tableSelectInput/index.tsx
FN:17,TableSelectInput
FN:26,(anonymous_2)
FNF:2
FNH:0
FNDA:0,TableSelectInput
FNDA:0,(anonymous_2)
DA:1,0
DA:2,0
DA:3,0
DA:17,0
DA:18,0
DA:19,0
DA:20,0
DA:22,0
DA:26,0
DA:27,0
LF:10
LH:0
BRF:0
BRH:0
end_of_record
TN:
SF:src/components/mobileHeader/index.tsx
FN:95,MobileHeader
FN:101,handleClick
FN:104,handleRoute
FN:112,_renderMenuBg
FN:115,(anonymous_7)
FN:124,_renderItem
FN:125,(anonymous_9)
FN:152,(anonymous_10)
FN:160,(anonymous_11)
FNF:9
FNH:7
FNDA:8,MobileHeader
FNDA:4,handleClick
FNDA:1,handleRoute
FNDA:8,_renderMenuBg
FNDA:0,(anonymous_7)
FNDA:8,_renderItem
FNDA:72,(anonymous_9)
FNDA:3,(anonymous_10)
FNDA:0,(anonymous_11)
DA:1,1
DA:2,1
DA:3,1
DA:4,1
DA:5,1
DA:6,1
DA:7,1
DA:8,1
DA:9,1
DA:10,1
DA:11,1
DA:12,1
DA:13,1
DA:14,1
DA:26,1
DA:95,1
DA:96,8
DA:97,8
DA:98,8
DA:99,8
DA:102,4
DA:105,1
DA:106,1
DA:107,0
DA:109,1
DA:113,8
DA:114,3
DA:115,0
DA:118,5
DA:125,8
DA:127,72
DA:128,21
DA:133,51
DA:148,8
DA:152,3
DA:160,0
LF:36
LH:33
BRDA:106,0,0,0
BRDA:113,1,0,3
BRDA:127,2,0,21
BRF:3
BRH:2
end_of_record
TN:
SF:src/components/mobileHeader/asideItem/index.tsx
FN:14,AsideItem
FN:24,returnCurrentIcon
FN:31,verifyItemActive
FN:40,(anonymous_6)
FNF:4
FNH:4
FNDA:51,AsideItem
FNDA:51,returnCurrentIcon
FNDA:51,verifyItemActive
FNDA:1,(anonymous_6)
DA:2,1
DA:14,1
DA:15,51
DA:16,51
DA:17,51
DA:18,51
DA:19,51
DA:20,51
DA:21,51
DA:25,51
DA:26,0
DA:28,51
DA:32,51
DA:33,0
DA:36,51
DA:39,51
DA:40,1
LF:17
LH:15
BRDA:20,0,0,44
BRDA:20,0,1,7
BRDA:25,1,0,0
BRDA:32,2,0,0
BRF:4
BRH:2
end_of_record
TN:
SF:src/components/modal/index.tsx
FN:11,Modal
FN:17,(anonymous_4)
FNF:2
FNH:0
FNDA:0,Modal
FNDA:0,(anonymous_4)
DA:1,0
DA:2,0
DA:11,0
DA:12,0
DA:17,0
LF:5
LH:0
BRF:0
BRH:0
end_of_record
TN:
SF:src/components/pageTitle/index.tsx
FN:9,PageTitle
FN:15,_renderButton
FNF:2
FNH:2
FNDA:3,PageTitle
FNDA:3,_renderButton
DA:1,1
DA:9,1
DA:10,3
DA:11,3
DA:12,3
DA:16,3
DA:17,1
DA:21,2
DA:23,3
LF:9
LH:9
BRDA:12,0,0,1
BRDA:12,0,1,2
BRDA:16,1,0,1
BRF:3
BRH:3
end_of_record
TN:
SF:src/components/sidebar/index.tsx
FN:94,Sidebar
FN:99,_renderItem
FN:100,(anonymous_5)
FNF:3
FNH:3
FNDA:5,Sidebar
FNDA:5,_renderItem
FNDA:45,(anonymous_5)
DA:1,1
DA:2,1
DA:4,1
DA:5,1
DA:6,1
DA:7,1
DA:8,1
DA:9,1
DA:10,1
DA:11,1
DA:12,1
DA:13,1
DA:26,1
DA:94,1
DA:96,5
DA:97,5
DA:100,5
DA:102,45
DA:103,14
DA:108,31
DA:122,5
LF:21
LH:21
BRDA:102,0,0,14
BRF:1
BRH:1
end_of_record
TN:
SF:src/components/sidebar/sidebarItem/index.tsx
FN:15,SidebarItem
FN:25,returnCurrentIcon
FN:32,verifyItemActive
FN:40,handleRoute
FN:49,(anonymous_7)
FNF:5
FNH:5
FNDA:31,SidebarItem
FNDA:31,returnCurrentIcon
FNDA:31,verifyItemActive
FNDA:1,handleRoute
FNDA:1,(anonymous_7)
DA:2,1
DA:3,1
DA:4,1
DA:15,1
DA:16,31
DA:17,31
DA:18,31
DA:19,31
DA:20,31
DA:21,31
DA:23,31
DA:24,31
DA:26,31
DA:27,0
DA:29,31
DA:33,31
DA:34,0
DA:37,31
DA:41,1
DA:42,0
DA:45,1
DA:48,31
DA:49,1
LF:23
LH:20
BRDA:21,0,0,27
BRDA:21,0,1,4
BRDA:26,1,0,0
BRDA:33,2,0,0
BRDA:41,3,0,0
BRF:5
BRH:2
end_of_record
TN:
SF:src/components/statusBadge/statusBadge.tsx
FN:9,StatusBadge
FNF:1
FNH:1
FNDA:2,StatusBadge
DA:1,1
DA:9,2
DA:11,2
LF:3
LH:3
BRF:0
BRH:0
end_of_record
TN:
SF:src/components/tableCustomButton/index.tsx
FN:7,TableCustomButton
FNF:1
FNH:1
FNDA:1,TableCustomButton
DA:1,1
DA:7,1
DA:8,1
LF:3
LH:3
BRF:0
BRH:0
end_of_record
TN:
SF:src/components/tableEmptyMessage/index.tsx
FN:3,TableEmptyMessage
FNF:1
FNH:1
FNDA:2,TableEmptyMessage
DA:1,1
DA:3,2
DA:5,2
DA:6,1
DA:8,1
LF:5
LH:5
BRDA:3,0,0,0
BRDA:3,0,1,2
BRDA:5,1,0,1
BRF:3
BRH:2
end_of_record
TN:
SF:src/components/tablePaginator/index.tsx
FN:9,TablePaginator
FN:17,(anonymous_2)
FNF:2
FNH:2
FNDA:2,TablePaginator
FNDA:1,(anonymous_2)
DA:1,1
DA:2,1
DA:9,2
DA:10,2
DA:17,1
LF:5
LH:5
BRF:0
BRH:0
end_of_record
