TN:
SF:src/components/assinaturaFormSteper/index.tsx
FN:8,AssinaturaFormSteper
FNF:1
FNH:1
FNDA:2,AssinaturaFormSteper
DA:2,1
DA:8,2
DA:10,2
DA:11,1
DA:22,1
DA:23,1
DA:34,0
LF:7
LH:6
BRDA:8,0,0,0
BRDA:8,0,1,2
BRDA:10,1,0,1
BRDA:22,2,0,1
BRF:4
BRH:3
end_of_record
TN:
SF:src/components/backButton/index.tsx
FN:8,BackButton
FN:10,handlePress
FNF:2
FNH:2
FNDA:2,BackButton
FNDA:1,handlePress
DA:1,1
DA:2,1
DA:8,2
DA:11,1
DA:12,1
DA:16,2
LF:6
LH:6
BRDA:11,0,0,1
BRF:1
BRH:1
end_of_record
TN:
SF:src/components/customButton/index.tsx
FN:6,(anonymous_4)
FN:22,CustomButton
FN:25,getStyleClass
FN:38,returnIcon
FN:46,_renderContent
FNF:5
FNH:0
FNDA:0,(anonymous_4)
FNDA:0,CustomButton
FNDA:0,getStyleClass
FNDA:0,returnIcon
FNDA:0,_renderContent
DA:1,0
DA:2,0
DA:3,0
DA:4,0
DA:5,0
DA:6,0
DA:7,0
DA:8,0
DA:17,0
DA:22,0
DA:23,0
DA:26,0
DA:28,0
DA:30,0
DA:32,0
DA:34,0
DA:40,0
DA:41,0
DA:43,0
DA:47,0
DA:48,0
DA:59,0
DA:62,0
LF:23
LH:0
BRDA:6,0,0,0
BRDA:6,0,1,0
BRDA:22,1,0,0
BRDA:22,1,1,0
BRDA:26,2,0,0
BRDA:26,2,1,0
BRDA:26,2,2,0
BRDA:26,2,3,0
BRDA:40,3,0,0
BRDA:47,4,0,0
BRF:10
BRH:0
end_of_record
TN:
SF:src/components/homeInfoCard/index.tsx
FN:13,(anonymous_3)
FN:26,HomeInfoCardComponent
FNF:2
FNH:0
FNDA:0,(anonymous_3)
FNDA:0,HomeInfoCardComponent
DA:1,0
DA:2,0
DA:3,0
DA:4,0
DA:6,0
DA:13,0
DA:14,0
DA:15,0
DA:16,0
DA:17,0
DA:26,0
DA:27,0
DA:28,0
DA:29,0
DA:32,0
LF:15
LH:0
BRDA:13,0,0,0
BRDA:13,0,1,0
BRF:2
BRH:0
end_of_record
TN:
SF:src/components/inputs/IconInput/index.tsx
FN:13,IconInput
FN:22,returnIcon
FN:39,(anonymous_6)
FNF:3
FNH:0
FNDA:0,IconInput
FNDA:0,returnIcon
FNDA:0,(anonymous_6)
DA:1,0
DA:2,0
DA:10,0
DA:11,0
DA:13,0
DA:14,0
DA:15,0
DA:16,0
DA:17,0
DA:18,0
DA:19,0
DA:23,0
DA:25,0
DA:27,0
DA:29,0
DA:31,0
DA:35,0
DA:39,0
DA:40,0
LF:19
LH:0
BRDA:14,0,0,0
BRDA:14,0,1,0
BRDA:15,1,0,0
BRDA:15,1,1,0
BRDA:23,2,0,0
BRDA:23,2,1,0
BRDA:23,2,2,0
BRDA:23,2,3,0
BRF:8
BRH:0
end_of_record
TN:
SF:src/components/inputs/customCheckbox/index.tsx
FN:11,CustomCheckbox
FN:16,(anonymous_5)
FNF:2
FNH:0
FNDA:0,CustomCheckbox
FNDA:0,(anonymous_5)
DA:1,0
DA:2,0
DA:11,0
DA:12,0
DA:16,0
DA:17,0
LF:6
LH:0
BRF:0
BRH:0
end_of_record
TN:
SF:src/components/inputs/customInputMask/index.tsx
FN:17,CustomInputMask
FN:32,(anonymous_5)
FN:45,(anonymous_6)
FNF:3
FNH:0
FNDA:0,CustomInputMask
FNDA:0,(anonymous_5)
FNDA:0,(anonymous_6)
DA:1,0
DA:2,0
DA:3,0
DA:4,0
DA:17,0
DA:18,0
DA:19,0
DA:20,0
DA:21,0
DA:22,0
DA:23,0
DA:24,0
DA:25,0
DA:26,0
DA:28,0
DA:32,0
DA:33,0
DA:45,0
DA:46,0
LF:19
LH:0
BRF:0
BRH:0
end_of_record
TN:
SF:src/components/inputs/customSelectInput/index.tsx
FN:22,CustomSelectInput
FN:35,(anonymous_4)
FN:51,(anonymous_5)
FNF:3
FNH:0
FNDA:0,CustomSelectInput
FNDA:0,(anonymous_4)
FNDA:0,(anonymous_5)
DA:1,0
DA:2,0
DA:3,0
DA:4,0
DA:22,0
DA:23,0
DA:24,0
DA:25,0
DA:26,0
DA:27,0
DA:28,0
DA:29,0
DA:31,0
DA:35,0
DA:36,0
DA:51,0
DA:52,0
LF:17
LH:0
BRF:0
BRH:0
end_of_record
TN:
SF:src/components/inputs/inputText/index.tsx
FN:16,InputText
FN:31,(anonymous_5)
FN:45,(anonymous_6)
FNF:3
FNH:0
FNDA:0,InputText
FNDA:0,(anonymous_5)
FNDA:0,(anonymous_6)
DA:1,0
DA:2,0
DA:3,0
DA:16,0
DA:17,0
DA:18,0
DA:19,0
DA:20,0
DA:21,0
DA:22,0
DA:23,0
DA:24,0
DA:25,0
DA:27,0
DA:31,0
DA:32,0
DA:45,0
DA:46,0
LF:18
LH:0
BRDA:21,0,0,0
BRDA:21,0,1,0
BRF:2
BRH:0
end_of_record
TN:
SF:src/components/inputs/searchBar/index.tsx
FN:12,SearchBar
FN:19,isFetching
FN:41,(anonymous_6)
FNF:3
FNH:0
FNDA:0,SearchBar
FNDA:0,isFetching
FNDA:0,(anonymous_6)
DA:1,0
DA:2,0
DA:3,0
DA:4,0
DA:12,0
DA:13,0
DA:14,0
DA:15,0
DA:16,0
DA:20,0
DA:21,0
DA:31,0
DA:37,0
DA:41,0
DA:42,0
LF:15
LH:0
BRDA:20,0,0,0
BRF:1
BRH:0
end_of_record
TN:
SF:src/components/inputs/tableSelectInput/index.tsx
FN:17,TableSelectInput
FN:26,(anonymous_2)
FNF:2
FNH:0
FNDA:0,TableSelectInput
FNDA:0,(anonymous_2)
DA:1,0
DA:2,0
DA:3,0
DA:17,0
DA:18,0
DA:19,0
DA:20,0
DA:22,0
DA:26,0
DA:27,0
LF:10
LH:0
BRF:0
BRH:0
end_of_record
TN:
SF:src/components/mobileHeader/index.tsx
FN:95,MobileHeader
FN:101,handleClick
FN:104,handleRoute
FN:112,_renderMenuBg
FN:115,(anonymous_7)
FN:124,_renderItem
FN:125,(anonymous_9)
FN:152,(anonymous_10)
FN:160,(anonymous_11)
FNF:9
FNH:0
FNDA:0,MobileHeader
FNDA:0,handleClick
FNDA:0,handleRoute
FNDA:0,_renderMenuBg
FNDA:0,(anonymous_7)
FNDA:0,_renderItem
FNDA:0,(anonymous_9)
FNDA:0,(anonymous_10)
FNDA:0,(anonymous_11)
DA:1,0
DA:2,0
DA:3,0
DA:4,0
DA:5,0
DA:6,0
DA:7,0
DA:8,0
DA:9,0
DA:10,0
DA:11,0
DA:12,0
DA:13,0
DA:14,0
DA:26,0
DA:95,0
DA:96,0
DA:97,0
DA:98,0
DA:99,0
DA:102,0
DA:105,0
DA:106,0
DA:107,0
DA:109,0
DA:113,0
DA:114,0
DA:115,0
DA:118,0
DA:125,0
DA:127,0
DA:128,0
DA:133,0
DA:148,0
DA:152,0
DA:160,0
LF:36
LH:0
BRDA:106,0,0,0
BRDA:113,1,0,0
BRDA:127,2,0,0
BRF:3
BRH:0
end_of_record
TN:
SF:src/components/mobileHeader/asideItem/index.tsx
FN:14,AsideItem
FN:24,returnCurrentIcon
FN:31,verifyItemActive
FN:40,(anonymous_6)
FNF:4
FNH:0
FNDA:0,AsideItem
FNDA:0,returnCurrentIcon
FNDA:0,verifyItemActive
FNDA:0,(anonymous_6)
DA:2,0
DA:14,0
DA:15,0
DA:16,0
DA:17,0
DA:18,0
DA:19,0
DA:20,0
DA:21,0
DA:25,0
DA:26,0
DA:28,0
DA:32,0
DA:33,0
DA:36,0
DA:39,0
DA:40,0
LF:17
LH:0
BRDA:20,0,0,0
BRDA:20,0,1,0
BRDA:25,1,0,0
BRDA:32,2,0,0
BRF:4
BRH:0
end_of_record
TN:
SF:src/components/modal/index.tsx
FN:11,Modal
FN:17,(anonymous_4)
FNF:2
FNH:0
FNDA:0,Modal
FNDA:0,(anonymous_4)
DA:1,0
DA:2,0
DA:11,0
DA:12,0
DA:17,0
LF:5
LH:0
BRF:0
BRH:0
end_of_record
TN:
SF:src/components/pageTitle/index.tsx
FN:9,PageTitle
FN:15,_renderButton
FNF:2
FNH:0
FNDA:0,PageTitle
FNDA:0,_renderButton
DA:1,0
DA:9,0
DA:10,0
DA:11,0
DA:12,0
DA:16,0
DA:17,0
DA:21,0
DA:23,0
LF:9
LH:0
BRDA:12,0,0,0
BRDA:12,0,1,0
BRDA:16,1,0,0
BRF:3
BRH:0
end_of_record
TN:
SF:src/components/sidebar/index.tsx
FN:94,Sidebar
FN:99,_renderItem
FN:100,(anonymous_5)
FNF:3
FNH:0
FNDA:0,Sidebar
FNDA:0,_renderItem
FNDA:0,(anonymous_5)
DA:1,0
DA:2,0
DA:4,0
DA:5,0
DA:6,0
DA:7,0
DA:8,0
DA:9,0
DA:10,0
DA:11,0
DA:13,0
DA:26,0
DA:94,0
DA:96,0
DA:97,0
DA:100,0
DA:102,0
DA:103,0
DA:108,0
DA:122,0
LF:20
LH:0
BRDA:102,0,0,0
BRF:1
BRH:0
end_of_record
TN:
SF:src/components/sidebar/sidebarItem/index.tsx
FN:15,SidebarItem
FN:25,returnCurrentIcon
FN:32,verifyItemActive
FN:40,handleRoute
FN:49,(anonymous_7)
FNF:5
FNH:0
FNDA:0,SidebarItem
FNDA:0,returnCurrentIcon
FNDA:0,verifyItemActive
FNDA:0,handleRoute
FNDA:0,(anonymous_7)
DA:2,0
DA:3,0
DA:4,0
DA:15,0
DA:16,0
DA:17,0
DA:18,0
DA:19,0
DA:20,0
DA:21,0
DA:23,0
DA:24,0
DA:26,0
DA:27,0
DA:29,0
DA:33,0
DA:34,0
DA:37,0
DA:41,0
DA:42,0
DA:45,0
DA:48,0
DA:49,0
LF:23
LH:0
BRDA:21,0,0,0
BRDA:21,0,1,0
BRDA:26,1,0,0
BRDA:33,2,0,0
BRDA:41,3,0,0
BRF:5
BRH:0
end_of_record
TN:
SF:src/components/statusBadge/statusBadge.tsx
FN:9,StatusBadge
FNF:1
FNH:0
FNDA:0,StatusBadge
DA:1,0
DA:9,0
DA:11,0
LF:3
LH:0
BRF:0
BRH:0
end_of_record
TN:
SF:src/components/tableCustomButton/index.tsx
FN:7,TableCustomButton
FNF:1
FNH:0
FNDA:0,TableCustomButton
DA:1,0
DA:7,0
DA:8,0
LF:3
LH:0
BRF:0
BRH:0
end_of_record
TN:
SF:src/components/tableEmptyMessage/index.tsx
FN:3,TableEmptyMessage
FNF:1
FNH:0
FNDA:0,TableEmptyMessage
DA:1,0
DA:3,0
DA:5,0
DA:6,0
DA:8,0
LF:5
LH:0
BRDA:3,0,0,0
BRDA:3,0,1,0
BRDA:5,1,0,0
BRF:3
BRH:0
end_of_record
TN:
SF:src/components/tablePaginator/index.tsx
FN:9,TablePaginator
FN:16,(anonymous_2)
FNF:2
FNH:0
FNDA:0,TablePaginator
FNDA:0,(anonymous_2)
DA:1,0
DA:2,0
DA:9,0
DA:10,0
DA:16,0
LF:5
LH:0
BRF:0
BRH:0
end_of_record
